2017-03-19 19:52:02,269 - Log4JLogChute initialized using file 'velocity.log'
2017-03-19 19:52:02,269 - Velocity was not initialized! Calling init()...
2017-03-19 19:52:02,269 - Starting Apache Velocity v1.5 (compiled: 2007-02-22 08:52:29)
2017-03-19 19:52:02,269 - Default Properties File: org\apache\velocity\runtime\defaults\velocity.properties
2017-03-19 19:52:02,270 - Trying to use logger class org.apache.velocity.runtime.log.AvalonLogChute
2017-03-19 19:52:02,277 - Couldn't find class org.apache.velocity.runtime.log.AvalonLogChute or necessary supporting classes in classpath.
java.lang.NoClassDefFoundError: org/apache/log/format/Formatter
	at java.lang.Class.forName0(Native Method)
	at java.lang.Class.forName(Class.java:348)
	at org.apache.velocity.util.ClassUtils.getClass(ClassUtils.java:63)
	at org.apache.velocity.util.ClassUtils.getNewInstance(ClassUtils.java:95)
	at org.apache.velocity.runtime.log.LogManager.createLogChute(LogManager.java:147)
	at org.apache.velocity.runtime.log.LogManager.updateLog(LogManager.java:208)
	at org.apache.velocity.runtime.RuntimeInstance.initializeLog(RuntimeInstance.java:728)
	at org.apache.velocity.runtime.RuntimeInstance.init(RuntimeInstance.java:240)
	at org.apache.velocity.runtime.RuntimeInstance.parse(RuntimeInstance.java:993)
	at org.apache.velocity.runtime.RuntimeInstance.parse(RuntimeInstance.java:972)
	at org.apache.velocity.runtime.RuntimeSingleton.parse(RuntimeSingleton.java:265)
	at org.apache.velocity.app.Velocity.evaluate(Velocity.java:274)
	at org.sonatype.mavenbook.weather.WeatherFormatter.format(WeatherFormatter.java:21)
	at org.sonatype.mavenbook.weather.yahoo.WeatherFormatterTest.testFormat(WeatherFormatterTest.java:23)
	at sun.reflect.NativeMethodAccessorImpl.invoke0(Native Method)
	at sun.reflect.NativeMethodAccessorImpl.invoke(NativeMethodAccessorImpl.java:62)
	at sun.reflect.DelegatingMethodAccessorImpl.invoke(DelegatingMethodAccessorImpl.java:43)
	at java.lang.reflect.Method.invoke(Method.java:498)
	at junit.framework.TestCase.runTest(TestCase.java:154)
	at junit.framework.TestCase.runBare(TestCase.java:127)
	at junit.framework.TestResult$1.protect(TestResult.java:106)
	at junit.framework.TestResult.runProtected(TestResult.java:124)
	at junit.framework.TestResult.run(TestResult.java:109)
	at junit.framework.TestCase.run(TestCase.java:118)
	at junit.framework.TestSuite.runTest(TestSuite.java:208)
	at junit.framework.TestSuite.run(TestSuite.java:203)
	at sun.reflect.NativeMethodAccessorImpl.invoke0(Native Method)
	at sun.reflect.NativeMethodAccessorImpl.invoke(NativeMethodAccessorImpl.java:62)
	at sun.reflect.DelegatingMethodAccessorImpl.invoke(DelegatingMethodAccessorImpl.java:43)
	at java.lang.reflect.Method.invoke(Method.java:498)
	at org.apache.maven.surefire.junit.JUnitTestSet.execute(JUnitTestSet.java:95)
	at org.apache.maven.surefire.junit.JUnit3Provider.executeTestSet(JUnit3Provider.java:121)
	at org.apache.maven.surefire.junit.JUnit3Provider.invoke(JUnit3Provider.java:98)
	at sun.reflect.NativeMethodAccessorImpl.invoke0(Native Method)
	at sun.reflect.NativeMethodAccessorImpl.invoke(NativeMethodAccessorImpl.java:62)
	at sun.reflect.DelegatingMethodAccessorImpl.invoke(DelegatingMethodAccessorImpl.java:43)
	at java.lang.reflect.Method.invoke(Method.java:498)
	at org.apache.maven.surefire.util.ReflectionUtils.invokeMethodWithArray(ReflectionUtils.java:189)
	at org.apache.maven.surefire.booter.ProviderFactory$ProviderProxy.invoke(ProviderFactory.java:165)
	at org.apache.maven.surefire.booter.ProviderFactory.invokeProvider(ProviderFactory.java:85)
	at org.apache.maven.surefire.booter.ForkedBooter.runSuitesInProcess(ForkedBooter.java:115)
	at org.apache.maven.surefire.booter.ForkedBooter.main(ForkedBooter.java:75)
Caused by: java.lang.ClassNotFoundException: org.apache.log.format.Formatter
	at java.net.URLClassLoader.findClass(URLClassLoader.java:381)
	at java.lang.ClassLoader.loadClass(ClassLoader.java:424)
	at sun.misc.Launcher$AppClassLoader.loadClass(Launcher.java:331)
	at java.lang.ClassLoader.loadClass(ClassLoader.java:357)
	... 42 more
2017-03-19 19:52:02,278 - Trying to use logger class org.apache.velocity.runtime.log.Log4JLogChute
2017-03-19 19:52:02,278 - Using logger class org.apache.velocity.runtime.log.Log4JLogChute
2017-03-19 19:52:02,291 - Default ResourceManager initializing. (class org.apache.velocity.runtime.resource.ResourceManagerImpl)
2017-03-19 19:52:02,294 - ResourceLoader instantiated: org.apache.velocity.runtime.resource.loader.FileResourceLoader
2017-03-19 19:52:02,295 - Do unicode file recognition:  false
2017-03-19 19:52:02,295 - FileResourceLoader : adding path '.'
2017-03-19 19:52:02,307 - ResourceCache: initialized (class org.apache.velocity.runtime.resource.ResourceCacheImpl)
2017-03-19 19:52:02,308 - Loaded System Directive: org.apache.velocity.runtime.directive.Literal
2017-03-19 19:52:02,309 - Loaded System Directive: org.apache.velocity.runtime.directive.Macro
2017-03-19 19:52:02,309 - Loaded System Directive: org.apache.velocity.runtime.directive.Parse
2017-03-19 19:52:02,310 - Loaded System Directive: org.apache.velocity.runtime.directive.Include
2017-03-19 19:52:02,311 - Loaded System Directive: org.apache.velocity.runtime.directive.Foreach
2017-03-19 19:52:02,328 - Created '20' parsers.
2017-03-19 19:52:02,349 - Velocimacro : "velocimacro.library" is not set.  Trying default library: VM_global_library.vm
2017-03-19 19:52:02,350 - Velocimacro : Default library not found.
2017-03-19 19:52:02,350 - Velocimacro : allowInline = true : VMs can be defined inline in templates
2017-03-19 19:52:02,350 - Velocimacro : allowInlineToOverride = false : VMs defined inline may NOT replace previous VM definitions
2017-03-19 19:52:02,350 - Velocimacro : allowInlineLocal = false : VMs defined inline will be global in scope if allowed.
2017-03-19 19:52:02,350 - Velocimacro : autoload off : VM system will not automatically reload global library macros
2017-03-19 20:28:00,449 - Log4JLogChute initialized using file 'velocity.log'
2017-03-19 20:28:00,449 - Velocity was not initialized! Calling init()...
2017-03-19 20:28:00,449 - Starting Apache Velocity v1.5 (compiled: 2007-02-22 08:52:29)
2017-03-19 20:28:00,449 - Default Properties File: org\apache\velocity\runtime\defaults\velocity.properties
2017-03-19 20:28:00,449 - Trying to use logger class org.apache.velocity.runtime.log.AvalonLogChute
2017-03-19 20:28:00,450 - Couldn't find class org.apache.velocity.runtime.log.AvalonLogChute or necessary supporting classes in classpath.
java.lang.NoClassDefFoundError: org/apache/log/format/Formatter
	at java.lang.Class.forName0(Native Method)
	at java.lang.Class.forName(Class.java:348)
	at org.apache.velocity.util.ClassUtils.getClass(ClassUtils.java:63)
	at org.apache.velocity.util.ClassUtils.getNewInstance(ClassUtils.java:95)
	at org.apache.velocity.runtime.log.LogManager.createLogChute(LogManager.java:147)
	at org.apache.velocity.runtime.log.LogManager.updateLog(LogManager.java:208)
	at org.apache.velocity.runtime.RuntimeInstance.initializeLog(RuntimeInstance.java:728)
	at org.apache.velocity.runtime.RuntimeInstance.init(RuntimeInstance.java:240)
	at org.apache.velocity.runtime.RuntimeInstance.parse(RuntimeInstance.java:993)
	at org.apache.velocity.runtime.RuntimeInstance.parse(RuntimeInstance.java:972)
	at org.apache.velocity.runtime.RuntimeSingleton.parse(RuntimeSingleton.java:265)
	at org.apache.velocity.app.Velocity.evaluate(Velocity.java:274)
	at org.sonatype.mavenbook.weather.WeatherFormatter.format(WeatherFormatter.java:21)
	at org.sonatype.mavenbook.weather.yahoo.WeatherFormatterTest.testFormat(WeatherFormatterTest.java:23)
	at sun.reflect.NativeMethodAccessorImpl.invoke0(Native Method)
	at sun.reflect.NativeMethodAccessorImpl.invoke(NativeMethodAccessorImpl.java:62)
	at sun.reflect.DelegatingMethodAccessorImpl.invoke(DelegatingMethodAccessorImpl.java:43)
	at java.lang.reflect.Method.invoke(Method.java:498)
	at junit.framework.TestCase.runTest(TestCase.java:154)
	at junit.framework.TestCase.runBare(TestCase.java:127)
	at junit.framework.TestResult$1.protect(TestResult.java:106)
	at junit.framework.TestResult.runProtected(TestResult.java:124)
	at junit.framework.TestResult.run(TestResult.java:109)
	at junit.framework.TestCase.run(TestCase.java:118)
	at junit.framework.TestSuite.runTest(TestSuite.java:208)
	at junit.framework.TestSuite.run(TestSuite.java:203)
	at sun.reflect.NativeMethodAccessorImpl.invoke0(Native Method)
	at sun.reflect.NativeMethodAccessorImpl.invoke(NativeMethodAccessorImpl.java:62)
	at sun.reflect.DelegatingMethodAccessorImpl.invoke(DelegatingMethodAccessorImpl.java:43)
	at java.lang.reflect.Method.invoke(Method.java:498)
	at org.apache.maven.surefire.junit.JUnitTestSet.execute(JUnitTestSet.java:95)
	at org.apache.maven.surefire.junit.JUnit3Provider.executeTestSet(JUnit3Provider.java:121)
	at org.apache.maven.surefire.junit.JUnit3Provider.invoke(JUnit3Provider.java:98)
	at sun.reflect.NativeMethodAccessorImpl.invoke0(Native Method)
	at sun.reflect.NativeMethodAccessorImpl.invoke(NativeMethodAccessorImpl.java:62)
	at sun.reflect.DelegatingMethodAccessorImpl.invoke(DelegatingMethodAccessorImpl.java:43)
	at java.lang.reflect.Method.invoke(Method.java:498)
	at org.apache.maven.surefire.util.ReflectionUtils.invokeMethodWithArray(ReflectionUtils.java:189)
	at org.apache.maven.surefire.booter.ProviderFactory$ProviderProxy.invoke(ProviderFactory.java:165)
	at org.apache.maven.surefire.booter.ProviderFactory.invokeProvider(ProviderFactory.java:85)
	at org.apache.maven.surefire.booter.ForkedBooter.runSuitesInProcess(ForkedBooter.java:115)
	at org.apache.maven.surefire.booter.ForkedBooter.main(ForkedBooter.java:75)
Caused by: java.lang.ClassNotFoundException: org.apache.log.format.Formatter
	at java.net.URLClassLoader.findClass(URLClassLoader.java:381)
	at java.lang.ClassLoader.loadClass(ClassLoader.java:424)
	at sun.misc.Launcher$AppClassLoader.loadClass(Launcher.java:331)
	at java.lang.ClassLoader.loadClass(ClassLoader.java:357)
	... 42 more
2017-03-19 20:28:00,451 - Trying to use logger class org.apache.velocity.runtime.log.Log4JLogChute
2017-03-19 20:28:00,451 - Using logger class org.apache.velocity.runtime.log.Log4JLogChute
2017-03-19 20:28:00,453 - Default ResourceManager initializing. (class org.apache.velocity.runtime.resource.ResourceManagerImpl)
2017-03-19 20:28:00,456 - ResourceLoader instantiated: org.apache.velocity.runtime.resource.loader.FileResourceLoader
2017-03-19 20:28:00,456 - Do unicode file recognition:  false
2017-03-19 20:28:00,456 - FileResourceLoader : adding path '.'
2017-03-19 20:28:00,463 - ResourceCache: initialized (class org.apache.velocity.runtime.resource.ResourceCacheImpl)
2017-03-19 20:28:00,464 - Loaded System Directive: org.apache.velocity.runtime.directive.Literal
2017-03-19 20:28:00,464 - Loaded System Directive: org.apache.velocity.runtime.directive.Macro
2017-03-19 20:28:00,465 - Loaded System Directive: org.apache.velocity.runtime.directive.Parse
2017-03-19 20:28:00,466 - Loaded System Directive: org.apache.velocity.runtime.directive.Include
2017-03-19 20:28:00,466 - Loaded System Directive: org.apache.velocity.runtime.directive.Foreach
2017-03-19 20:28:00,488 - Created '20' parsers.
2017-03-19 20:28:00,491 - Velocimacro : "velocimacro.library" is not set.  Trying default library: VM_global_library.vm
2017-03-19 20:28:00,492 - Velocimacro : Default library not found.
2017-03-19 20:28:00,492 - Velocimacro : allowInline = true : VMs can be defined inline in templates
2017-03-19 20:28:00,492 - Velocimacro : allowInlineToOverride = false : VMs defined inline may NOT replace previous VM definitions
2017-03-19 20:28:00,492 - Velocimacro : allowInlineLocal = false : VMs defined inline will be global in scope if allowed.
2017-03-19 20:28:00,492 - Velocimacro : autoload off : VM system will not automatically reload global library macros
2017-03-19 20:31:05,541 - Log4JLogChute initialized using file 'velocity.log'
2017-03-19 20:31:05,541 - Velocity was not initialized! Calling init()...
2017-03-19 20:31:05,541 - Starting Apache Velocity v1.5 (compiled: 2007-02-22 08:52:29)
2017-03-19 20:31:05,541 - Default Properties File: org\apache\velocity\runtime\defaults\velocity.properties
2017-03-19 20:31:05,541 - Trying to use logger class org.apache.velocity.runtime.log.AvalonLogChute
2017-03-19 20:31:05,542 - Couldn't find class org.apache.velocity.runtime.log.AvalonLogChute or necessary supporting classes in classpath.
java.lang.NoClassDefFoundError: org/apache/log/format/Formatter
	at java.lang.Class.forName0(Native Method)
	at java.lang.Class.forName(Class.java:348)
	at org.apache.velocity.util.ClassUtils.getClass(ClassUtils.java:63)
	at org.apache.velocity.util.ClassUtils.getNewInstance(ClassUtils.java:95)
	at org.apache.velocity.runtime.log.LogManager.createLogChute(LogManager.java:147)
	at org.apache.velocity.runtime.log.LogManager.updateLog(LogManager.java:208)
	at org.apache.velocity.runtime.RuntimeInstance.initializeLog(RuntimeInstance.java:728)
	at org.apache.velocity.runtime.RuntimeInstance.init(RuntimeInstance.java:240)
	at org.apache.velocity.runtime.RuntimeInstance.parse(RuntimeInstance.java:993)
	at org.apache.velocity.runtime.RuntimeInstance.parse(RuntimeInstance.java:972)
	at org.apache.velocity.runtime.RuntimeSingleton.parse(RuntimeSingleton.java:265)
	at org.apache.velocity.app.Velocity.evaluate(Velocity.java:274)
	at org.sonatype.mavenbook.weather.WeatherFormatter.format(WeatherFormatter.java:21)
	at org.sonatype.mavenbook.weather.yahoo.WeatherFormatterTest.testFormat(WeatherFormatterTest.java:23)
	at sun.reflect.NativeMethodAccessorImpl.invoke0(Native Method)
	at sun.reflect.NativeMethodAccessorImpl.invoke(NativeMethodAccessorImpl.java:62)
	at sun.reflect.DelegatingMethodAccessorImpl.invoke(DelegatingMethodAccessorImpl.java:43)
	at java.lang.reflect.Method.invoke(Method.java:498)
	at junit.framework.TestCase.runTest(TestCase.java:154)
	at junit.framework.TestCase.runBare(TestCase.java:127)
	at junit.framework.TestResult$1.protect(TestResult.java:106)
	at junit.framework.TestResult.runProtected(TestResult.java:124)
	at junit.framework.TestResult.run(TestResult.java:109)
	at junit.framework.TestCase.run(TestCase.java:118)
	at junit.framework.TestSuite.runTest(TestSuite.java:208)
	at junit.framework.TestSuite.run(TestSuite.java:203)
	at sun.reflect.NativeMethodAccessorImpl.invoke0(Native Method)
	at sun.reflect.NativeMethodAccessorImpl.invoke(NativeMethodAccessorImpl.java:62)
	at sun.reflect.DelegatingMethodAccessorImpl.invoke(DelegatingMethodAccessorImpl.java:43)
	at java.lang.reflect.Method.invoke(Method.java:498)
	at org.apache.maven.surefire.junit.JUnitTestSet.execute(JUnitTestSet.java:95)
	at org.apache.maven.surefire.junit.JUnit3Provider.executeTestSet(JUnit3Provider.java:121)
	at org.apache.maven.surefire.junit.JUnit3Provider.invoke(JUnit3Provider.java:98)
	at sun.reflect.NativeMethodAccessorImpl.invoke0(Native Method)
	at sun.reflect.NativeMethodAccessorImpl.invoke(NativeMethodAccessorImpl.java:62)
	at sun.reflect.DelegatingMethodAccessorImpl.invoke(DelegatingMethodAccessorImpl.java:43)
	at java.lang.reflect.Method.invoke(Method.java:498)
	at org.apache.maven.surefire.util.ReflectionUtils.invokeMethodWithArray(ReflectionUtils.java:189)
	at org.apache.maven.surefire.booter.ProviderFactory$ProviderProxy.invoke(ProviderFactory.java:165)
	at org.apache.maven.surefire.booter.ProviderFactory.invokeProvider(ProviderFactory.java:85)
	at org.apache.maven.surefire.booter.ForkedBooter.runSuitesInProcess(ForkedBooter.java:115)
	at org.apache.maven.surefire.booter.ForkedBooter.main(ForkedBooter.java:75)
Caused by: java.lang.ClassNotFoundException: org.apache.log.format.Formatter
	at java.net.URLClassLoader.findClass(URLClassLoader.java:381)
	at java.lang.ClassLoader.loadClass(ClassLoader.java:424)
	at sun.misc.Launcher$AppClassLoader.loadClass(Launcher.java:331)
	at java.lang.ClassLoader.loadClass(ClassLoader.java:357)
	... 42 more
2017-03-19 20:31:05,543 - Trying to use logger class org.apache.velocity.runtime.log.Log4JLogChute
2017-03-19 20:31:05,543 - Using logger class org.apache.velocity.runtime.log.Log4JLogChute
2017-03-19 20:31:05,545 - Default ResourceManager initializing. (class org.apache.velocity.runtime.resource.ResourceManagerImpl)
2017-03-19 20:31:05,546 - ResourceLoader instantiated: org.apache.velocity.runtime.resource.loader.FileResourceLoader
2017-03-19 20:31:05,547 - Do unicode file recognition:  false
2017-03-19 20:31:05,547 - FileResourceLoader : adding path '.'
2017-03-19 20:31:05,554 - ResourceCache: initialized (class org.apache.velocity.runtime.resource.ResourceCacheImpl)
2017-03-19 20:31:05,555 - Loaded System Directive: org.apache.velocity.runtime.directive.Literal
2017-03-19 20:31:05,555 - Loaded System Directive: org.apache.velocity.runtime.directive.Macro
2017-03-19 20:31:05,556 - Loaded System Directive: org.apache.velocity.runtime.directive.Parse
2017-03-19 20:31:05,557 - Loaded System Directive: org.apache.velocity.runtime.directive.Include
2017-03-19 20:31:05,557 - Loaded System Directive: org.apache.velocity.runtime.directive.Foreach
2017-03-19 20:31:05,572 - Created '20' parsers.
2017-03-19 20:31:05,575 - Velocimacro : "velocimacro.library" is not set.  Trying default library: VM_global_library.vm
2017-03-19 20:31:05,575 - Velocimacro : Default library not found.
2017-03-19 20:31:05,575 - Velocimacro : allowInline = true : VMs can be defined inline in templates
2017-03-19 20:31:05,575 - Velocimacro : allowInlineToOverride = false : VMs defined inline may NOT replace previous VM definitions
2017-03-19 20:31:05,575 - Velocimacro : allowInlineLocal = false : VMs defined inline will be global in scope if allowed.
2017-03-19 20:31:05,575 - Velocimacro : autoload off : VM system will not automatically reload global library macros
2017-03-19 20:33:12,531 - Log4JLogChute initialized using file 'velocity.log'
2017-03-19 20:33:12,531 - Velocity was not initialized! Calling init()...
2017-03-19 20:33:12,531 - Starting Apache Velocity v1.5 (compiled: 2007-02-22 08:52:29)
2017-03-19 20:33:12,531 - Default Properties File: org\apache\velocity\runtime\defaults\velocity.properties
2017-03-19 20:33:12,531 - Trying to use logger class org.apache.velocity.runtime.log.AvalonLogChute
2017-03-19 20:33:12,531 - Couldn't find class org.apache.velocity.runtime.log.AvalonLogChute or necessary supporting classes in classpath.
java.lang.NoClassDefFoundError: org/apache/log/format/Formatter
	at java.lang.Class.forName0(Native Method)
	at java.lang.Class.forName(Class.java:348)
	at org.apache.velocity.util.ClassUtils.getClass(ClassUtils.java:63)
	at org.apache.velocity.util.ClassUtils.getNewInstance(ClassUtils.java:95)
	at org.apache.velocity.runtime.log.LogManager.createLogChute(LogManager.java:147)
	at org.apache.velocity.runtime.log.LogManager.updateLog(LogManager.java:208)
	at org.apache.velocity.runtime.RuntimeInstance.initializeLog(RuntimeInstance.java:728)
	at org.apache.velocity.runtime.RuntimeInstance.init(RuntimeInstance.java:240)
	at org.apache.velocity.runtime.RuntimeInstance.parse(RuntimeInstance.java:993)
	at org.apache.velocity.runtime.RuntimeInstance.parse(RuntimeInstance.java:972)
	at org.apache.velocity.runtime.RuntimeSingleton.parse(RuntimeSingleton.java:265)
	at org.apache.velocity.app.Velocity.evaluate(Velocity.java:274)
	at org.sonatype.mavenbook.weather.WeatherFormatter.format(WeatherFormatter.java:21)
	at org.sonatype.mavenbook.weather.yahoo.WeatherFormatterTest.testFormat(WeatherFormatterTest.java:23)
	at sun.reflect.NativeMethodAccessorImpl.invoke0(Native Method)
	at sun.reflect.NativeMethodAccessorImpl.invoke(NativeMethodAccessorImpl.java:62)
	at sun.reflect.DelegatingMethodAccessorImpl.invoke(DelegatingMethodAccessorImpl.java:43)
	at java.lang.reflect.Method.invoke(Method.java:498)
	at junit.framework.TestCase.runTest(TestCase.java:154)
	at junit.framework.TestCase.runBare(TestCase.java:127)
	at junit.framework.TestResult$1.protect(TestResult.java:106)
	at junit.framework.TestResult.runProtected(TestResult.java:124)
	at junit.framework.TestResult.run(TestResult.java:109)
	at junit.framework.TestCase.run(TestCase.java:118)
	at junit.framework.TestSuite.runTest(TestSuite.java:208)
	at junit.framework.TestSuite.run(TestSuite.java:203)
	at sun.reflect.NativeMethodAccessorImpl.invoke0(Native Method)
	at sun.reflect.NativeMethodAccessorImpl.invoke(NativeMethodAccessorImpl.java:62)
	at sun.reflect.DelegatingMethodAccessorImpl.invoke(DelegatingMethodAccessorImpl.java:43)
	at java.lang.reflect.Method.invoke(Method.java:498)
	at org.apache.maven.surefire.junit.JUnitTestSet.execute(JUnitTestSet.java:95)
	at org.apache.maven.surefire.junit.JUnit3Provider.executeTestSet(JUnit3Provider.java:121)
	at org.apache.maven.surefire.junit.JUnit3Provider.invoke(JUnit3Provider.java:98)
	at sun.reflect.NativeMethodAccessorImpl.invoke0(Native Method)
	at sun.reflect.NativeMethodAccessorImpl.invoke(NativeMethodAccessorImpl.java:62)
	at sun.reflect.DelegatingMethodAccessorImpl.invoke(DelegatingMethodAccessorImpl.java:43)
	at java.lang.reflect.Method.invoke(Method.java:498)
	at org.apache.maven.surefire.util.ReflectionUtils.invokeMethodWithArray(ReflectionUtils.java:189)
	at org.apache.maven.surefire.booter.ProviderFactory$ProviderProxy.invoke(ProviderFactory.java:165)
	at org.apache.maven.surefire.booter.ProviderFactory.invokeProvider(ProviderFactory.java:85)
	at org.apache.maven.surefire.booter.ForkedBooter.runSuitesInProcess(ForkedBooter.java:115)
	at org.apache.maven.surefire.booter.ForkedBooter.main(ForkedBooter.java:75)
Caused by: java.lang.ClassNotFoundException: org.apache.log.format.Formatter
	at java.net.URLClassLoader.findClass(URLClassLoader.java:381)
	at java.lang.ClassLoader.loadClass(ClassLoader.java:424)
	at sun.misc.Launcher$AppClassLoader.loadClass(Launcher.java:331)
	at java.lang.ClassLoader.loadClass(ClassLoader.java:357)
	... 42 more
2017-03-19 20:33:12,533 - Trying to use logger class org.apache.velocity.runtime.log.Log4JLogChute
2017-03-19 20:33:12,533 - Using logger class org.apache.velocity.runtime.log.Log4JLogChute
2017-03-19 20:33:12,535 - Default ResourceManager initializing. (class org.apache.velocity.runtime.resource.ResourceManagerImpl)
2017-03-19 20:33:12,536 - ResourceLoader instantiated: org.apache.velocity.runtime.resource.loader.FileResourceLoader
2017-03-19 20:33:12,537 - Do unicode file recognition:  false
2017-03-19 20:33:12,537 - FileResourceLoader : adding path '.'
2017-03-19 20:33:12,544 - ResourceCache: initialized (class org.apache.velocity.runtime.resource.ResourceCacheImpl)
2017-03-19 20:33:12,545 - Loaded System Directive: org.apache.velocity.runtime.directive.Literal
2017-03-19 20:33:12,546 - Loaded System Directive: org.apache.velocity.runtime.directive.Macro
2017-03-19 20:33:12,546 - Loaded System Directive: org.apache.velocity.runtime.directive.Parse
2017-03-19 20:33:12,547 - Loaded System Directive: org.apache.velocity.runtime.directive.Include
2017-03-19 20:33:12,547 - Loaded System Directive: org.apache.velocity.runtime.directive.Foreach
2017-03-19 20:33:12,563 - Created '20' parsers.
2017-03-19 20:33:12,567 - Velocimacro : "velocimacro.library" is not set.  Trying default library: VM_global_library.vm
2017-03-19 20:33:12,567 - Velocimacro : Default library not found.
2017-03-19 20:33:12,567 - Velocimacro : allowInline = true : VMs can be defined inline in templates
2017-03-19 20:33:12,567 - Velocimacro : allowInlineToOverride = false : VMs defined inline may NOT replace previous VM definitions
2017-03-19 20:33:12,567 - Velocimacro : allowInlineLocal = false : VMs defined inline will be global in scope if allowed.
2017-03-19 20:33:12,567 - Velocimacro : autoload off : VM system will not automatically reload global library macros
2017-03-19 20:34:31,500 - Log4JLogChute initialized using file 'velocity.log'
2017-03-19 20:34:31,500 - Velocity was not initialized! Calling init()...
2017-03-19 20:34:31,500 - Starting Apache Velocity v1.5 (compiled: 2007-02-22 08:52:29)
2017-03-19 20:34:31,500 - Default Properties File: org\apache\velocity\runtime\defaults\velocity.properties
2017-03-19 20:34:31,500 - Trying to use logger class org.apache.velocity.runtime.log.AvalonLogChute
2017-03-19 20:34:31,500 - Couldn't find class org.apache.velocity.runtime.log.AvalonLogChute or necessary supporting classes in classpath.
java.lang.NoClassDefFoundError: org/apache/log/format/Formatter
	at java.lang.Class.forName0(Native Method)
	at java.lang.Class.forName(Class.java:348)
	at org.apache.velocity.util.ClassUtils.getClass(ClassUtils.java:63)
	at org.apache.velocity.util.ClassUtils.getNewInstance(ClassUtils.java:95)
	at org.apache.velocity.runtime.log.LogManager.createLogChute(LogManager.java:147)
	at org.apache.velocity.runtime.log.LogManager.updateLog(LogManager.java:208)
	at org.apache.velocity.runtime.RuntimeInstance.initializeLog(RuntimeInstance.java:728)
	at org.apache.velocity.runtime.RuntimeInstance.init(RuntimeInstance.java:240)
	at org.apache.velocity.runtime.RuntimeInstance.parse(RuntimeInstance.java:993)
	at org.apache.velocity.runtime.RuntimeInstance.parse(RuntimeInstance.java:972)
	at org.apache.velocity.runtime.RuntimeSingleton.parse(RuntimeSingleton.java:265)
	at org.apache.velocity.app.Velocity.evaluate(Velocity.java:274)
	at org.sonatype.mavenbook.weather.WeatherFormatter.format(WeatherFormatter.java:21)
	at org.sonatype.mavenbook.weather.yahoo.WeatherFormatterTest.testFormat(WeatherFormatterTest.java:23)
	at sun.reflect.NativeMethodAccessorImpl.invoke0(Native Method)
	at sun.reflect.NativeMethodAccessorImpl.invoke(NativeMethodAccessorImpl.java:62)
	at sun.reflect.DelegatingMethodAccessorImpl.invoke(DelegatingMethodAccessorImpl.java:43)
	at java.lang.reflect.Method.invoke(Method.java:498)
	at junit.framework.TestCase.runTest(TestCase.java:154)
	at junit.framework.TestCase.runBare(TestCase.java:127)
	at junit.framework.TestResult$1.protect(TestResult.java:106)
	at junit.framework.TestResult.runProtected(TestResult.java:124)
	at junit.framework.TestResult.run(TestResult.java:109)
	at junit.framework.TestCase.run(TestCase.java:118)
	at junit.framework.TestSuite.runTest(TestSuite.java:208)
	at junit.framework.TestSuite.run(TestSuite.java:203)
	at sun.reflect.NativeMethodAccessorImpl.invoke0(Native Method)
	at sun.reflect.NativeMethodAccessorImpl.invoke(NativeMethodAccessorImpl.java:62)
	at sun.reflect.DelegatingMethodAccessorImpl.invoke(DelegatingMethodAccessorImpl.java:43)
	at java.lang.reflect.Method.invoke(Method.java:498)
	at org.apache.maven.surefire.junit.JUnitTestSet.execute(JUnitTestSet.java:95)
	at org.apache.maven.surefire.junit.JUnit3Provider.executeTestSet(JUnit3Provider.java:121)
	at org.apache.maven.surefire.junit.JUnit3Provider.invoke(JUnit3Provider.java:98)
	at sun.reflect.NativeMethodAccessorImpl.invoke0(Native Method)
	at sun.reflect.NativeMethodAccessorImpl.invoke(NativeMethodAccessorImpl.java:62)
	at sun.reflect.DelegatingMethodAccessorImpl.invoke(DelegatingMethodAccessorImpl.java:43)
	at java.lang.reflect.Method.invoke(Method.java:498)
	at org.apache.maven.surefire.util.ReflectionUtils.invokeMethodWithArray(ReflectionUtils.java:189)
	at org.apache.maven.surefire.booter.ProviderFactory$ProviderProxy.invoke(ProviderFactory.java:165)
	at org.apache.maven.surefire.booter.ProviderFactory.invokeProvider(ProviderFactory.java:85)
	at org.apache.maven.surefire.booter.ForkedBooter.runSuitesInProcess(ForkedBooter.java:115)
	at org.apache.maven.surefire.booter.ForkedBooter.main(ForkedBooter.java:75)
Caused by: java.lang.ClassNotFoundException: org.apache.log.format.Formatter
	at java.net.URLClassLoader.findClass(URLClassLoader.java:381)
	at java.lang.ClassLoader.loadClass(ClassLoader.java:424)
	at sun.misc.Launcher$AppClassLoader.loadClass(Launcher.java:331)
	at java.lang.ClassLoader.loadClass(ClassLoader.java:357)
	... 42 more
2017-03-19 20:34:31,502 - Trying to use logger class org.apache.velocity.runtime.log.Log4JLogChute
2017-03-19 20:34:31,502 - Using logger class org.apache.velocity.runtime.log.Log4JLogChute
2017-03-19 20:34:31,503 - Default ResourceManager initializing. (class org.apache.velocity.runtime.resource.ResourceManagerImpl)
2017-03-19 20:34:31,505 - ResourceLoader instantiated: org.apache.velocity.runtime.resource.loader.FileResourceLoader
2017-03-19 20:34:31,506 - Do unicode file recognition:  false
2017-03-19 20:34:31,506 - FileResourceLoader : adding path '.'
2017-03-19 20:34:31,514 - ResourceCache: initialized (class org.apache.velocity.runtime.resource.ResourceCacheImpl)
2017-03-19 20:34:31,515 - Loaded System Directive: org.apache.velocity.runtime.directive.Literal
2017-03-19 20:34:31,515 - Loaded System Directive: org.apache.velocity.runtime.directive.Macro
2017-03-19 20:34:31,516 - Loaded System Directive: org.apache.velocity.runtime.directive.Parse
2017-03-19 20:34:31,517 - Loaded System Directive: org.apache.velocity.runtime.directive.Include
2017-03-19 20:34:31,518 - Loaded System Directive: org.apache.velocity.runtime.directive.Foreach
2017-03-19 20:34:31,540 - Created '20' parsers.
2017-03-19 20:34:31,545 - Velocimacro : "velocimacro.library" is not set.  Trying default library: VM_global_library.vm
2017-03-19 20:34:31,545 - Velocimacro : Default library not found.
2017-03-19 20:34:31,545 - Velocimacro : allowInline = true : VMs can be defined inline in templates
2017-03-19 20:34:31,545 - Velocimacro : allowInlineToOverride = false : VMs defined inline may NOT replace previous VM definitions
2017-03-19 20:34:31,545 - Velocimacro : allowInlineLocal = false : VMs defined inline will be global in scope if allowed.
2017-03-19 20:34:31,545 - Velocimacro : autoload off : VM system will not automatically reload global library macros
2017-03-19 20:50:07,109 - Log4JLogChute initialized using file 'velocity.log'
2017-03-19 20:50:07,110 - Velocity was not initialized! Calling init()...
2017-03-19 20:50:07,110 - Starting Apache Velocity v1.5 (compiled: 2007-02-22 08:52:29)
2017-03-19 20:50:07,110 - Default Properties File: org\apache\velocity\runtime\defaults\velocity.properties
2017-03-19 20:50:07,110 - Trying to use logger class org.apache.velocity.runtime.log.AvalonLogChute
2017-03-19 20:50:07,110 - Couldn't find class org.apache.velocity.runtime.log.AvalonLogChute or necessary supporting classes in classpath.
java.lang.NoClassDefFoundError: org/apache/log/format/Formatter
	at java.lang.Class.forName0(Native Method)
	at java.lang.Class.forName(Class.java:348)
	at org.apache.velocity.util.ClassUtils.getClass(ClassUtils.java:63)
	at org.apache.velocity.util.ClassUtils.getNewInstance(ClassUtils.java:95)
	at org.apache.velocity.runtime.log.LogManager.createLogChute(LogManager.java:147)
	at org.apache.velocity.runtime.log.LogManager.updateLog(LogManager.java:208)
	at org.apache.velocity.runtime.RuntimeInstance.initializeLog(RuntimeInstance.java:728)
	at org.apache.velocity.runtime.RuntimeInstance.init(RuntimeInstance.java:240)
	at org.apache.velocity.runtime.RuntimeInstance.parse(RuntimeInstance.java:993)
	at org.apache.velocity.runtime.RuntimeInstance.parse(RuntimeInstance.java:972)
	at org.apache.velocity.runtime.RuntimeSingleton.parse(RuntimeSingleton.java:265)
	at org.apache.velocity.app.Velocity.evaluate(Velocity.java:274)
	at org.sonatype.mavenbook.weather.WeatherFormatter.format(WeatherFormatter.java:21)
	at org.sonatype.mavenbook.weather.yahoo.WeatherFormatterTest.testFormat(WeatherFormatterTest.java:23)
	at sun.reflect.NativeMethodAccessorImpl.invoke0(Native Method)
	at sun.reflect.NativeMethodAccessorImpl.invoke(NativeMethodAccessorImpl.java:62)
	at sun.reflect.DelegatingMethodAccessorImpl.invoke(DelegatingMethodAccessorImpl.java:43)
	at java.lang.reflect.Method.invoke(Method.java:498)
	at junit.framework.TestCase.runTest(TestCase.java:154)
	at junit.framework.TestCase.runBare(TestCase.java:127)
	at junit.framework.TestResult$1.protect(TestResult.java:106)
	at junit.framework.TestResult.runProtected(TestResult.java:124)
	at junit.framework.TestResult.run(TestResult.java:109)
	at junit.framework.TestCase.run(TestCase.java:118)
	at junit.framework.TestSuite.runTest(TestSuite.java:208)
	at junit.framework.TestSuite.run(TestSuite.java:203)
	at sun.reflect.NativeMethodAccessorImpl.invoke0(Native Method)
	at sun.reflect.NativeMethodAccessorImpl.invoke(NativeMethodAccessorImpl.java:62)
	at sun.reflect.DelegatingMethodAccessorImpl.invoke(DelegatingMethodAccessorImpl.java:43)
	at java.lang.reflect.Method.invoke(Method.java:498)
	at org.apache.maven.surefire.junit.JUnitTestSet.execute(JUnitTestSet.java:95)
	at org.apache.maven.surefire.junit.JUnit3Provider.executeTestSet(JUnit3Provider.java:121)
	at org.apache.maven.surefire.junit.JUnit3Provider.invoke(JUnit3Provider.java:98)
	at sun.reflect.NativeMethodAccessorImpl.invoke0(Native Method)
	at sun.reflect.NativeMethodAccessorImpl.invoke(NativeMethodAccessorImpl.java:62)
	at sun.reflect.DelegatingMethodAccessorImpl.invoke(DelegatingMethodAccessorImpl.java:43)
	at java.lang.reflect.Method.invoke(Method.java:498)
	at org.apache.maven.surefire.util.ReflectionUtils.invokeMethodWithArray(ReflectionUtils.java:189)
	at org.apache.maven.surefire.booter.ProviderFactory$ProviderProxy.invoke(ProviderFactory.java:165)
	at org.apache.maven.surefire.booter.ProviderFactory.invokeProvider(ProviderFactory.java:85)
	at org.apache.maven.surefire.booter.ForkedBooter.runSuitesInProcess(ForkedBooter.java:115)
	at org.apache.maven.surefire.booter.ForkedBooter.main(ForkedBooter.java:75)
Caused by: java.lang.ClassNotFoundException: org.apache.log.format.Formatter
	at java.net.URLClassLoader.findClass(URLClassLoader.java:381)
	at java.lang.ClassLoader.loadClass(ClassLoader.java:424)
	at sun.misc.Launcher$AppClassLoader.loadClass(Launcher.java:331)
	at java.lang.ClassLoader.loadClass(ClassLoader.java:357)
	... 42 more
2017-03-19 20:50:07,112 - Trying to use logger class org.apache.velocity.runtime.log.Log4JLogChute
2017-03-19 20:50:07,112 - Using logger class org.apache.velocity.runtime.log.Log4JLogChute
2017-03-19 20:50:07,113 - Default ResourceManager initializing. (class org.apache.velocity.runtime.resource.ResourceManagerImpl)
2017-03-19 20:50:07,115 - ResourceLoader instantiated: org.apache.velocity.runtime.resource.loader.FileResourceLoader
2017-03-19 20:50:07,116 - Do unicode file recognition:  false
2017-03-19 20:50:07,116 - FileResourceLoader : adding path '.'
2017-03-19 20:50:07,123 - ResourceCache: initialized (class org.apache.velocity.runtime.resource.ResourceCacheImpl)
2017-03-19 20:50:07,124 - Loaded System Directive: org.apache.velocity.runtime.directive.Literal
2017-03-19 20:50:07,125 - Loaded System Directive: org.apache.velocity.runtime.directive.Macro
2017-03-19 20:50:07,127 - Loaded System Directive: org.apache.velocity.runtime.directive.Parse
2017-03-19 20:50:07,128 - Loaded System Directive: org.apache.velocity.runtime.directive.Include
2017-03-19 20:50:07,129 - Loaded System Directive: org.apache.velocity.runtime.directive.Foreach
2017-03-19 20:50:07,147 - Created '20' parsers.
2017-03-19 20:50:07,151 - Velocimacro : "velocimacro.library" is not set.  Trying default library: VM_global_library.vm
2017-03-19 20:50:07,151 - Velocimacro : Default library not found.
2017-03-19 20:50:07,151 - Velocimacro : allowInline = true : VMs can be defined inline in templates
2017-03-19 20:50:07,152 - Velocimacro : allowInlineToOverride = false : VMs defined inline may NOT replace previous VM definitions
2017-03-19 20:50:07,152 - Velocimacro : allowInlineLocal = false : VMs defined inline will be global in scope if allowed.
2017-03-19 20:50:07,152 - Velocimacro : autoload off : VM system will not automatically reload global library macros
2017-03-19 20:52:13,194 - Log4JLogChute initialized using file 'velocity.log'
2017-03-19 20:52:13,194 - Velocity was not initialized! Calling init()...
2017-03-19 20:52:13,194 - Starting Apache Velocity v1.5 (compiled: 2007-02-22 08:52:29)
2017-03-19 20:52:13,195 - Default Properties File: org\apache\velocity\runtime\defaults\velocity.properties
2017-03-19 20:52:13,195 - Trying to use logger class org.apache.velocity.runtime.log.AvalonLogChute
2017-03-19 20:52:13,195 - Couldn't find class org.apache.velocity.runtime.log.AvalonLogChute or necessary supporting classes in classpath.
java.lang.NoClassDefFoundError: org/apache/log/format/Formatter
	at java.lang.Class.forName0(Native Method)
	at java.lang.Class.forName(Class.java:348)
	at org.apache.velocity.util.ClassUtils.getClass(ClassUtils.java:63)
	at org.apache.velocity.util.ClassUtils.getNewInstance(ClassUtils.java:95)
	at org.apache.velocity.runtime.log.LogManager.createLogChute(LogManager.java:147)
	at org.apache.velocity.runtime.log.LogManager.updateLog(LogManager.java:208)
	at org.apache.velocity.runtime.RuntimeInstance.initializeLog(RuntimeInstance.java:728)
	at org.apache.velocity.runtime.RuntimeInstance.init(RuntimeInstance.java:240)
	at org.apache.velocity.runtime.RuntimeInstance.parse(RuntimeInstance.java:993)
	at org.apache.velocity.runtime.RuntimeInstance.parse(RuntimeInstance.java:972)
	at org.apache.velocity.runtime.RuntimeSingleton.parse(RuntimeSingleton.java:265)
	at org.apache.velocity.app.Velocity.evaluate(Velocity.java:274)
	at org.sonatype.mavenbook.weather.WeatherFormatter.format(WeatherFormatter.java:21)
	at org.sonatype.mavenbook.weather.yahoo.WeatherFormatterTest.testFormat(WeatherFormatterTest.java:23)
	at sun.reflect.NativeMethodAccessorImpl.invoke0(Native Method)
	at sun.reflect.NativeMethodAccessorImpl.invoke(NativeMethodAccessorImpl.java:62)
	at sun.reflect.DelegatingMethodAccessorImpl.invoke(DelegatingMethodAccessorImpl.java:43)
	at java.lang.reflect.Method.invoke(Method.java:498)
	at junit.framework.TestCase.runTest(TestCase.java:154)
	at junit.framework.TestCase.runBare(TestCase.java:127)
	at junit.framework.TestResult$1.protect(TestResult.java:106)
	at junit.framework.TestResult.runProtected(TestResult.java:124)
	at junit.framework.TestResult.run(TestResult.java:109)
	at junit.framework.TestCase.run(TestCase.java:118)
	at junit.framework.TestSuite.runTest(TestSuite.java:208)
	at junit.framework.TestSuite.run(TestSuite.java:203)
	at sun.reflect.NativeMethodAccessorImpl.invoke0(Native Method)
	at sun.reflect.NativeMethodAccessorImpl.invoke(NativeMethodAccessorImpl.java:62)
	at sun.reflect.DelegatingMethodAccessorImpl.invoke(DelegatingMethodAccessorImpl.java:43)
	at java.lang.reflect.Method.invoke(Method.java:498)
	at org.apache.maven.surefire.junit.JUnitTestSet.execute(JUnitTestSet.java:95)
	at org.apache.maven.surefire.junit.JUnit3Provider.executeTestSet(JUnit3Provider.java:121)
	at org.apache.maven.surefire.junit.JUnit3Provider.invoke(JUnit3Provider.java:98)
	at sun.reflect.NativeMethodAccessorImpl.invoke0(Native Method)
	at sun.reflect.NativeMethodAccessorImpl.invoke(NativeMethodAccessorImpl.java:62)
	at sun.reflect.DelegatingMethodAccessorImpl.invoke(DelegatingMethodAccessorImpl.java:43)
	at java.lang.reflect.Method.invoke(Method.java:498)
	at org.apache.maven.surefire.util.ReflectionUtils.invokeMethodWithArray(ReflectionUtils.java:189)
	at org.apache.maven.surefire.booter.ProviderFactory$ProviderProxy.invoke(ProviderFactory.java:165)
	at org.apache.maven.surefire.booter.ProviderFactory.invokeProvider(ProviderFactory.java:85)
	at org.apache.maven.surefire.booter.ForkedBooter.runSuitesInProcess(ForkedBooter.java:115)
	at org.apache.maven.surefire.booter.ForkedBooter.main(ForkedBooter.java:75)
Caused by: java.lang.ClassNotFoundException: org.apache.log.format.Formatter
	at java.net.URLClassLoader.findClass(URLClassLoader.java:381)
	at java.lang.ClassLoader.loadClass(ClassLoader.java:424)
	at sun.misc.Launcher$AppClassLoader.loadClass(Launcher.java:331)
	at java.lang.ClassLoader.loadClass(ClassLoader.java:357)
	... 42 more
2017-03-19 20:52:13,197 - Trying to use logger class org.apache.velocity.runtime.log.Log4JLogChute
2017-03-19 20:52:13,197 - Using logger class org.apache.velocity.runtime.log.Log4JLogChute
2017-03-19 20:52:13,198 - Default ResourceManager initializing. (class org.apache.velocity.runtime.resource.ResourceManagerImpl)
2017-03-19 20:52:13,200 - ResourceLoader instantiated: org.apache.velocity.runtime.resource.loader.FileResourceLoader
2017-03-19 20:52:13,201 - Do unicode file recognition:  false
2017-03-19 20:52:13,201 - FileResourceLoader : adding path '.'
2017-03-19 20:52:13,208 - ResourceCache: initialized (class org.apache.velocity.runtime.resource.ResourceCacheImpl)
2017-03-19 20:52:13,209 - Loaded System Directive: org.apache.velocity.runtime.directive.Literal
2017-03-19 20:52:13,210 - Loaded System Directive: org.apache.velocity.runtime.directive.Macro
2017-03-19 20:52:13,210 - Loaded System Directive: org.apache.velocity.runtime.directive.Parse
2017-03-19 20:52:13,211 - Loaded System Directive: org.apache.velocity.runtime.directive.Include
2017-03-19 20:52:13,212 - Loaded System Directive: org.apache.velocity.runtime.directive.Foreach
2017-03-19 20:52:13,228 - Created '20' parsers.
2017-03-19 20:52:13,233 - Velocimacro : "velocimacro.library" is not set.  Trying default library: VM_global_library.vm
2017-03-19 20:52:13,233 - Velocimacro : Default library not found.
2017-03-19 20:52:13,233 - Velocimacro : allowInline = true : VMs can be defined inline in templates
2017-03-19 20:52:13,233 - Velocimacro : allowInlineToOverride = false : VMs defined inline may NOT replace previous VM definitions
2017-03-19 20:52:13,233 - Velocimacro : allowInlineLocal = false : VMs defined inline will be global in scope if allowed.
2017-03-19 20:52:13,233 - Velocimacro : autoload off : VM system will not automatically reload global library macros
2017-03-22 15:36:19,724 - Log4JLogChute initialized using file 'velocity.log'
2017-03-22 15:36:19,735 - Velocity was not initialized! Calling init()...
2017-03-22 15:36:19,735 - Starting Apache Velocity v1.5 (compiled: 2007-02-22 08:52:29)
2017-03-22 15:36:19,735 - Default Properties File: org\apache\velocity\runtime\defaults\velocity.properties
2017-03-22 15:36:19,735 - Trying to use logger class org.apache.velocity.runtime.log.AvalonLogChute
2017-03-22 15:36:19,735 - Couldn't find class org.apache.velocity.runtime.log.AvalonLogChute or necessary supporting classes in classpath.
java.lang.NoClassDefFoundError: org/apache/log/format/Formatter
	at java.lang.Class.forName0(Native Method)
	at java.lang.Class.forName(Class.java:348)
	at org.apache.velocity.util.ClassUtils.getClass(ClassUtils.java:63)
	at org.apache.velocity.util.ClassUtils.getNewInstance(ClassUtils.java:95)
	at org.apache.velocity.runtime.log.LogManager.createLogChute(LogManager.java:147)
	at org.apache.velocity.runtime.log.LogManager.updateLog(LogManager.java:208)
	at org.apache.velocity.runtime.RuntimeInstance.initializeLog(RuntimeInstance.java:728)
	at org.apache.velocity.runtime.RuntimeInstance.init(RuntimeInstance.java:240)
	at org.apache.velocity.runtime.RuntimeInstance.parse(RuntimeInstance.java:993)
	at org.apache.velocity.runtime.RuntimeInstance.parse(RuntimeInstance.java:972)
	at org.apache.velocity.runtime.RuntimeSingleton.parse(RuntimeSingleton.java:265)
	at org.apache.velocity.app.Velocity.evaluate(Velocity.java:274)
	at org.sonatype.mavenbook.weather.WeatherFormatter.format(WeatherFormatter.java:21)
	at org.sonatype.mavenbook.weather.yahoo.WeatherFormatterTest.testFormat(WeatherFormatterTest.java:23)
	at sun.reflect.NativeMethodAccessorImpl.invoke0(Native Method)
	at sun.reflect.NativeMethodAccessorImpl.invoke(NativeMethodAccessorImpl.java:62)
	at sun.reflect.DelegatingMethodAccessorImpl.invoke(DelegatingMethodAccessorImpl.java:43)
	at java.lang.reflect.Method.invoke(Method.java:498)
	at junit.framework.TestCase.runTest(TestCase.java:154)
	at junit.framework.TestCase.runBare(TestCase.java:127)
	at junit.framework.TestResult$1.protect(TestResult.java:106)
	at junit.framework.TestResult.runProtected(TestResult.java:124)
	at junit.framework.TestResult.run(TestResult.java:109)
	at junit.framework.TestCase.run(TestCase.java:118)
	at junit.framework.TestSuite.runTest(TestSuite.java:208)
	at junit.framework.TestSuite.run(TestSuite.java:203)
	at sun.reflect.NativeMethodAccessorImpl.invoke0(Native Method)
	at sun.reflect.NativeMethodAccessorImpl.invoke(NativeMethodAccessorImpl.java:62)
	at sun.reflect.DelegatingMethodAccessorImpl.invoke(DelegatingMethodAccessorImpl.java:43)
	at java.lang.reflect.Method.invoke(Method.java:498)
	at org.apache.maven.surefire.junit.JUnitTestSet.execute(JUnitTestSet.java:95)
	at org.apache.maven.surefire.junit.JUnit3Provider.executeTestSet(JUnit3Provider.java:121)
	at org.apache.maven.surefire.junit.JUnit3Provider.invoke(JUnit3Provider.java:98)
	at sun.reflect.NativeMethodAccessorImpl.invoke0(Native Method)
	at sun.reflect.NativeMethodAccessorImpl.invoke(NativeMethodAccessorImpl.java:62)
	at sun.reflect.DelegatingMethodAccessorImpl.invoke(DelegatingMethodAccessorImpl.java:43)
	at java.lang.reflect.Method.invoke(Method.java:498)
	at org.apache.maven.surefire.util.ReflectionUtils.invokeMethodWithArray(ReflectionUtils.java:189)
	at org.apache.maven.surefire.booter.ProviderFactory$ProviderProxy.invoke(ProviderFactory.java:165)
	at org.apache.maven.surefire.booter.ProviderFactory.invokeProvider(ProviderFactory.java:85)
	at org.apache.maven.surefire.booter.ForkedBooter.runSuitesInProcess(ForkedBooter.java:115)
	at org.apache.maven.surefire.booter.ForkedBooter.main(ForkedBooter.java:75)
Caused by: java.lang.ClassNotFoundException: org.apache.log.format.Formatter
	at java.net.URLClassLoader.findClass(URLClassLoader.java:381)
	at java.lang.ClassLoader.loadClass(ClassLoader.java:424)
	at sun.misc.Launcher$AppClassLoader.loadClass(Launcher.java:331)
	at java.lang.ClassLoader.loadClass(ClassLoader.java:357)
	... 42 more
2017-03-22 15:36:19,738 - Trying to use logger class org.apache.velocity.runtime.log.Log4JLogChute
2017-03-22 15:36:19,738 - Using logger class org.apache.velocity.runtime.log.Log4JLogChute
2017-03-22 15:36:19,739 - Default ResourceManager initializing. (class org.apache.velocity.runtime.resource.ResourceManagerImpl)
2017-03-22 15:36:19,742 - ResourceLoader instantiated: org.apache.velocity.runtime.resource.loader.FileResourceLoader
2017-03-22 15:36:19,743 - Do unicode file recognition:  false
2017-03-22 15:36:19,743 - FileResourceLoader : adding path '.'
2017-03-22 15:36:19,752 - ResourceCache: initialized (class org.apache.velocity.runtime.resource.ResourceCacheImpl)
2017-03-22 15:36:19,753 - Loaded System Directive: org.apache.velocity.runtime.directive.Literal
2017-03-22 15:36:19,754 - Loaded System Directive: org.apache.velocity.runtime.directive.Macro
2017-03-22 15:36:19,755 - Loaded System Directive: org.apache.velocity.runtime.directive.Parse
2017-03-22 15:36:19,756 - Loaded System Directive: org.apache.velocity.runtime.directive.Include
2017-03-22 15:36:19,757 - Loaded System Directive: org.apache.velocity.runtime.directive.Foreach
2017-03-22 15:36:19,777 - Created '20' parsers.
2017-03-22 15:36:19,782 - Velocimacro : "velocimacro.library" is not set.  Trying default library: VM_global_library.vm
2017-03-22 15:36:19,782 - Velocimacro : Default library not found.
2017-03-22 15:36:19,782 - Velocimacro : allowInline = true : VMs can be defined inline in templates
2017-03-22 15:36:19,782 - Velocimacro : allowInlineToOverride = false : VMs defined inline may NOT replace previous VM definitions
2017-03-22 15:36:19,782 - Velocimacro : allowInlineLocal = false : VMs defined inline will be global in scope if allowed.
2017-03-22 15:36:19,782 - Velocimacro : autoload off : VM system will not automatically reload global library macros
2017-03-22 15:42:37,120 - Log4JLogChute initialized using file 'velocity.log'
2017-03-22 15:42:37,121 - Velocity was not initialized! Calling init()...
2017-03-22 15:42:37,121 - Starting Apache Velocity v1.5 (compiled: 2007-02-22 08:52:29)
2017-03-22 15:42:37,121 - Default Properties File: org\apache\velocity\runtime\defaults\velocity.properties
2017-03-22 15:42:37,121 - Trying to use logger class org.apache.velocity.runtime.log.AvalonLogChute
2017-03-22 15:42:37,122 - Couldn't find class org.apache.velocity.runtime.log.AvalonLogChute or necessary supporting classes in classpath.
java.lang.NoClassDefFoundError: org/apache/log/format/Formatter
	at java.lang.Class.forName0(Native Method)
	at java.lang.Class.forName(Class.java:348)
	at org.apache.velocity.util.ClassUtils.getClass(ClassUtils.java:63)
	at org.apache.velocity.util.ClassUtils.getNewInstance(ClassUtils.java:95)
	at org.apache.velocity.runtime.log.LogManager.createLogChute(LogManager.java:147)
	at org.apache.velocity.runtime.log.LogManager.updateLog(LogManager.java:208)
	at org.apache.velocity.runtime.RuntimeInstance.initializeLog(RuntimeInstance.java:728)
	at org.apache.velocity.runtime.RuntimeInstance.init(RuntimeInstance.java:240)
	at org.apache.velocity.runtime.RuntimeInstance.parse(RuntimeInstance.java:993)
	at org.apache.velocity.runtime.RuntimeInstance.parse(RuntimeInstance.java:972)
	at org.apache.velocity.runtime.RuntimeSingleton.parse(RuntimeSingleton.java:265)
	at org.apache.velocity.app.Velocity.evaluate(Velocity.java:274)
	at org.sonatype.mavenbook.weather.WeatherFormatter.format(WeatherFormatter.java:21)
	at org.sonatype.mavenbook.weather.yahoo.WeatherFormatterTest.testFormat(WeatherFormatterTest.java:23)
	at sun.reflect.NativeMethodAccessorImpl.invoke0(Native Method)
	at sun.reflect.NativeMethodAccessorImpl.invoke(NativeMethodAccessorImpl.java:62)
	at sun.reflect.DelegatingMethodAccessorImpl.invoke(DelegatingMethodAccessorImpl.java:43)
	at java.lang.reflect.Method.invoke(Method.java:498)
	at junit.framework.TestCase.runTest(TestCase.java:154)
	at junit.framework.TestCase.runBare(TestCase.java:127)
	at junit.framework.TestResult$1.protect(TestResult.java:106)
	at junit.framework.TestResult.runProtected(TestResult.java:124)
	at junit.framework.TestResult.run(TestResult.java:109)
	at junit.framework.TestCase.run(TestCase.java:118)
	at junit.framework.TestSuite.runTest(TestSuite.java:208)
	at junit.framework.TestSuite.run(TestSuite.java:203)
	at sun.reflect.NativeMethodAccessorImpl.invoke0(Native Method)
	at sun.reflect.NativeMethodAccessorImpl.invoke(NativeMethodAccessorImpl.java:62)
	at sun.reflect.DelegatingMethodAccessorImpl.invoke(DelegatingMethodAccessorImpl.java:43)
	at java.lang.reflect.Method.invoke(Method.java:498)
	at org.apache.maven.surefire.junit.JUnitTestSet.execute(JUnitTestSet.java:95)
	at org.apache.maven.surefire.junit.JUnit3Provider.executeTestSet(JUnit3Provider.java:121)
	at org.apache.maven.surefire.junit.JUnit3Provider.invoke(JUnit3Provider.java:98)
	at sun.reflect.NativeMethodAccessorImpl.invoke0(Native Method)
	at sun.reflect.NativeMethodAccessorImpl.invoke(NativeMethodAccessorImpl.java:62)
	at sun.reflect.DelegatingMethodAccessorImpl.invoke(DelegatingMethodAccessorImpl.java:43)
	at java.lang.reflect.Method.invoke(Method.java:498)
	at org.apache.maven.surefire.util.ReflectionUtils.invokeMethodWithArray(ReflectionUtils.java:189)
	at org.apache.maven.surefire.booter.ProviderFactory$ProviderProxy.invoke(ProviderFactory.java:165)
	at org.apache.maven.surefire.booter.ProviderFactory.invokeProvider(ProviderFactory.java:85)
	at org.apache.maven.surefire.booter.ForkedBooter.runSuitesInProcess(ForkedBooter.java:115)
	at org.apache.maven.surefire.booter.ForkedBooter.main(ForkedBooter.java:75)
Caused by: java.lang.ClassNotFoundException: org.apache.log.format.Formatter
	at java.net.URLClassLoader.findClass(URLClassLoader.java:381)
	at java.lang.ClassLoader.loadClass(ClassLoader.java:424)
	at sun.misc.Launcher$AppClassLoader.loadClass(Launcher.java:331)
	at java.lang.ClassLoader.loadClass(ClassLoader.java:357)
	... 42 more
2017-03-22 15:42:37,124 - Trying to use logger class org.apache.velocity.runtime.log.Log4JLogChute
2017-03-22 15:42:37,124 - Using logger class org.apache.velocity.runtime.log.Log4JLogChute
2017-03-22 15:42:37,126 - Default ResourceManager initializing. (class org.apache.velocity.runtime.resource.ResourceManagerImpl)
2017-03-22 15:42:37,129 - ResourceLoader instantiated: org.apache.velocity.runtime.resource.loader.FileResourceLoader
2017-03-22 15:42:37,130 - Do unicode file recognition:  false
2017-03-22 15:42:37,130 - FileResourceLoader : adding path '.'
2017-03-22 15:42:37,139 - ResourceCache: initialized (class org.apache.velocity.runtime.resource.ResourceCacheImpl)
2017-03-22 15:42:37,140 - Loaded System Directive: org.apache.velocity.runtime.directive.Literal
2017-03-22 15:42:37,141 - Loaded System Directive: org.apache.velocity.runtime.directive.Macro
2017-03-22 15:42:37,142 - Loaded System Directive: org.apache.velocity.runtime.directive.Parse
2017-03-22 15:42:37,144 - Loaded System Directive: org.apache.velocity.runtime.directive.Include
2017-03-22 15:42:37,144 - Loaded System Directive: org.apache.velocity.runtime.directive.Foreach
2017-03-22 15:42:37,164 - Created '20' parsers.
2017-03-22 15:42:37,169 - Velocimacro : "velocimacro.library" is not set.  Trying default library: VM_global_library.vm
2017-03-22 15:42:37,169 - Velocimacro : Default library not found.
2017-03-22 15:42:37,169 - Velocimacro : allowInline = true : VMs can be defined inline in templates
2017-03-22 15:42:37,169 - Velocimacro : allowInlineToOverride = false : VMs defined inline may NOT replace previous VM definitions
2017-03-22 15:42:37,169 - Velocimacro : allowInlineLocal = false : VMs defined inline will be global in scope if allowed.
2017-03-22 15:42:37,170 - Velocimacro : autoload off : VM system will not automatically reload global library macros
2017-03-22 15:52:32,449 - Log4JLogChute initialized using file 'velocity.log'
2017-03-22 15:52:32,450 - Velocity was not initialized! Calling init()...
2017-03-22 15:52:32,450 - Starting Apache Velocity v1.5 (compiled: 2007-02-22 08:52:29)
2017-03-22 15:52:32,450 - Default Properties File: org\apache\velocity\runtime\defaults\velocity.properties
2017-03-22 15:52:32,450 - Trying to use logger class org.apache.velocity.runtime.log.AvalonLogChute
2017-03-22 15:52:32,450 - Couldn't find class org.apache.velocity.runtime.log.AvalonLogChute or necessary supporting classes in classpath.
java.lang.NoClassDefFoundError: org/apache/log/format/Formatter
	at java.lang.Class.forName0(Native Method)
	at java.lang.Class.forName(Class.java:348)
	at org.apache.velocity.util.ClassUtils.getClass(ClassUtils.java:63)
	at org.apache.velocity.util.ClassUtils.getNewInstance(ClassUtils.java:95)
	at org.apache.velocity.runtime.log.LogManager.createLogChute(LogManager.java:147)
	at org.apache.velocity.runtime.log.LogManager.updateLog(LogManager.java:208)
	at org.apache.velocity.runtime.RuntimeInstance.initializeLog(RuntimeInstance.java:728)
	at org.apache.velocity.runtime.RuntimeInstance.init(RuntimeInstance.java:240)
	at org.apache.velocity.runtime.RuntimeInstance.parse(RuntimeInstance.java:993)
	at org.apache.velocity.runtime.RuntimeInstance.parse(RuntimeInstance.java:972)
	at org.apache.velocity.runtime.RuntimeSingleton.parse(RuntimeSingleton.java:265)
	at org.apache.velocity.app.Velocity.evaluate(Velocity.java:274)
	at org.sonatype.mavenbook.weather.WeatherFormatter.format(WeatherFormatter.java:21)
	at org.sonatype.mavenbook.weather.yahoo.WeatherFormatterTest.testFormat(WeatherFormatterTest.java:23)
	at sun.reflect.NativeMethodAccessorImpl.invoke0(Native Method)
	at sun.reflect.NativeMethodAccessorImpl.invoke(NativeMethodAccessorImpl.java:62)
	at sun.reflect.DelegatingMethodAccessorImpl.invoke(DelegatingMethodAccessorImpl.java:43)
	at java.lang.reflect.Method.invoke(Method.java:498)
	at junit.framework.TestCase.runTest(TestCase.java:154)
	at junit.framework.TestCase.runBare(TestCase.java:127)
	at junit.framework.TestResult$1.protect(TestResult.java:106)
	at junit.framework.TestResult.runProtected(TestResult.java:124)
	at junit.framework.TestResult.run(TestResult.java:109)
	at junit.framework.TestCase.run(TestCase.java:118)
	at junit.framework.TestSuite.runTest(TestSuite.java:208)
	at junit.framework.TestSuite.run(TestSuite.java:203)
	at sun.reflect.NativeMethodAccessorImpl.invoke0(Native Method)
	at sun.reflect.NativeMethodAccessorImpl.invoke(NativeMethodAccessorImpl.java:62)
	at sun.reflect.DelegatingMethodAccessorImpl.invoke(DelegatingMethodAccessorImpl.java:43)
	at java.lang.reflect.Method.invoke(Method.java:498)
	at org.apache.maven.surefire.junit.JUnitTestSet.execute(JUnitTestSet.java:95)
	at org.apache.maven.surefire.junit.JUnit3Provider.executeTestSet(JUnit3Provider.java:121)
	at org.apache.maven.surefire.junit.JUnit3Provider.invoke(JUnit3Provider.java:98)
	at sun.reflect.NativeMethodAccessorImpl.invoke0(Native Method)
	at sun.reflect.NativeMethodAccessorImpl.invoke(NativeMethodAccessorImpl.java:62)
	at sun.reflect.DelegatingMethodAccessorImpl.invoke(DelegatingMethodAccessorImpl.java:43)
	at java.lang.reflect.Method.invoke(Method.java:498)
	at org.apache.maven.surefire.util.ReflectionUtils.invokeMethodWithArray(ReflectionUtils.java:189)
	at org.apache.maven.surefire.booter.ProviderFactory$ProviderProxy.invoke(ProviderFactory.java:165)
	at org.apache.maven.surefire.booter.ProviderFactory.invokeProvider(ProviderFactory.java:85)
	at org.apache.maven.surefire.booter.ForkedBooter.runSuitesInProcess(ForkedBooter.java:115)
	at org.apache.maven.surefire.booter.ForkedBooter.main(ForkedBooter.java:75)
Caused by: java.lang.ClassNotFoundException: org.apache.log.format.Formatter
	at java.net.URLClassLoader.findClass(URLClassLoader.java:381)
	at java.lang.ClassLoader.loadClass(ClassLoader.java:424)
	at sun.misc.Launcher$AppClassLoader.loadClass(Launcher.java:331)
	at java.lang.ClassLoader.loadClass(ClassLoader.java:357)
	... 42 more
2017-03-22 15:52:32,453 - Trying to use logger class org.apache.velocity.runtime.log.Log4JLogChute
2017-03-22 15:52:32,454 - Using logger class org.apache.velocity.runtime.log.Log4JLogChute
2017-03-22 15:52:32,456 - Default ResourceManager initializing. (class org.apache.velocity.runtime.resource.ResourceManagerImpl)
2017-03-22 15:52:32,460 - ResourceLoader instantiated: org.apache.velocity.runtime.resource.loader.FileResourceLoader
2017-03-22 15:52:32,461 - Do unicode file recognition:  false
2017-03-22 15:52:32,461 - FileResourceLoader : adding path '.'
2017-03-22 15:52:32,475 - ResourceCache: initialized (class org.apache.velocity.runtime.resource.ResourceCacheImpl)
2017-03-22 15:52:32,476 - Loaded System Directive: org.apache.velocity.runtime.directive.Literal
2017-03-22 15:52:32,477 - Loaded System Directive: org.apache.velocity.runtime.directive.Macro
2017-03-22 15:52:32,478 - Loaded System Directive: org.apache.velocity.runtime.directive.Parse
2017-03-22 15:52:32,480 - Loaded System Directive: org.apache.velocity.runtime.directive.Include
2017-03-22 15:52:32,481 - Loaded System Directive: org.apache.velocity.runtime.directive.Foreach
2017-03-22 15:52:32,556 - Created '20' parsers.
2017-03-22 15:52:32,567 - Velocimacro : "velocimacro.library" is not set.  Trying default library: VM_global_library.vm
2017-03-22 15:52:32,568 - Velocimacro : Default library not found.
2017-03-22 15:52:32,568 - Velocimacro : allowInline = true : VMs can be defined inline in templates
2017-03-22 15:52:32,568 - Velocimacro : allowInlineToOverride = false : VMs defined inline may NOT replace previous VM definitions
2017-03-22 15:52:32,568 - Velocimacro : allowInlineLocal = false : VMs defined inline will be global in scope if allowed.
2017-03-22 15:52:32,568 - Velocimacro : autoload off : VM system will not automatically reload global library macros
2017-03-22 15:55:55,931 - Log4JLogChute initialized using file 'velocity.log'
2017-03-22 15:55:55,932 - Velocity was not initialized! Calling init()...
2017-03-22 15:55:55,932 - Starting Apache Velocity v1.5 (compiled: 2007-02-22 08:52:29)
2017-03-22 15:55:55,932 - Default Properties File: org\apache\velocity\runtime\defaults\velocity.properties
2017-03-22 15:55:55,932 - Trying to use logger class org.apache.velocity.runtime.log.AvalonLogChute
2017-03-22 15:55:55,932 - Couldn't find class org.apache.velocity.runtime.log.AvalonLogChute or necessary supporting classes in classpath.
java.lang.NoClassDefFoundError: org/apache/log/format/Formatter
	at java.lang.Class.forName0(Native Method)
	at java.lang.Class.forName(Class.java:348)
	at org.apache.velocity.util.ClassUtils.getClass(ClassUtils.java:63)
	at org.apache.velocity.util.ClassUtils.getNewInstance(ClassUtils.java:95)
	at org.apache.velocity.runtime.log.LogManager.createLogChute(LogManager.java:147)
	at org.apache.velocity.runtime.log.LogManager.updateLog(LogManager.java:208)
	at org.apache.velocity.runtime.RuntimeInstance.initializeLog(RuntimeInstance.java:728)
	at org.apache.velocity.runtime.RuntimeInstance.init(RuntimeInstance.java:240)
	at org.apache.velocity.runtime.RuntimeInstance.parse(RuntimeInstance.java:993)
	at org.apache.velocity.runtime.RuntimeInstance.parse(RuntimeInstance.java:972)
	at org.apache.velocity.runtime.RuntimeSingleton.parse(RuntimeSingleton.java:265)
	at org.apache.velocity.app.Velocity.evaluate(Velocity.java:274)
	at org.sonatype.mavenbook.weather.WeatherFormatter.format(WeatherFormatter.java:21)
	at org.sonatype.mavenbook.weather.yahoo.WeatherFormatterTest.testFormat(WeatherFormatterTest.java:23)
	at sun.reflect.NativeMethodAccessorImpl.invoke0(Native Method)
	at sun.reflect.NativeMethodAccessorImpl.invoke(NativeMethodAccessorImpl.java:62)
	at sun.reflect.DelegatingMethodAccessorImpl.invoke(DelegatingMethodAccessorImpl.java:43)
	at java.lang.reflect.Method.invoke(Method.java:498)
	at junit.framework.TestCase.runTest(TestCase.java:154)
	at junit.framework.TestCase.runBare(TestCase.java:127)
	at junit.framework.TestResult$1.protect(TestResult.java:106)
	at junit.framework.TestResult.runProtected(TestResult.java:124)
	at junit.framework.TestResult.run(TestResult.java:109)
	at junit.framework.TestCase.run(TestCase.java:118)
	at junit.framework.TestSuite.runTest(TestSuite.java:208)
	at junit.framework.TestSuite.run(TestSuite.java:203)
	at sun.reflect.NativeMethodAccessorImpl.invoke0(Native Method)
	at sun.reflect.NativeMethodAccessorImpl.invoke(NativeMethodAccessorImpl.java:62)
	at sun.reflect.DelegatingMethodAccessorImpl.invoke(DelegatingMethodAccessorImpl.java:43)
	at java.lang.reflect.Method.invoke(Method.java:498)
	at org.apache.maven.surefire.junit.JUnitTestSet.execute(JUnitTestSet.java:95)
	at org.apache.maven.surefire.junit.JUnit3Provider.executeTestSet(JUnit3Provider.java:121)
	at org.apache.maven.surefire.junit.JUnit3Provider.invoke(JUnit3Provider.java:98)
	at sun.reflect.NativeMethodAccessorImpl.invoke0(Native Method)
	at sun.reflect.NativeMethodAccessorImpl.invoke(NativeMethodAccessorImpl.java:62)
	at sun.reflect.DelegatingMethodAccessorImpl.invoke(DelegatingMethodAccessorImpl.java:43)
	at java.lang.reflect.Method.invoke(Method.java:498)
	at org.apache.maven.surefire.util.ReflectionUtils.invokeMethodWithArray(ReflectionUtils.java:189)
	at org.apache.maven.surefire.booter.ProviderFactory$ProviderProxy.invoke(ProviderFactory.java:165)
	at org.apache.maven.surefire.booter.ProviderFactory.invokeProvider(ProviderFactory.java:85)
	at org.apache.maven.surefire.booter.ForkedBooter.runSuitesInProcess(ForkedBooter.java:115)
	at org.apache.maven.surefire.booter.ForkedBooter.main(ForkedBooter.java:75)
Caused by: java.lang.ClassNotFoundException: org.apache.log.format.Formatter
	at java.net.URLClassLoader.findClass(URLClassLoader.java:381)
	at java.lang.ClassLoader.loadClass(ClassLoader.java:424)
	at sun.misc.Launcher$AppClassLoader.loadClass(Launcher.java:331)
	at java.lang.ClassLoader.loadClass(ClassLoader.java:357)
	... 42 more
2017-03-22 15:55:55,936 - Trying to use logger class org.apache.velocity.runtime.log.Log4JLogChute
2017-03-22 15:55:55,936 - Using logger class org.apache.velocity.runtime.log.Log4JLogChute
2017-03-22 15:55:55,939 - Default ResourceManager initializing. (class org.apache.velocity.runtime.resource.ResourceManagerImpl)
2017-03-22 15:55:55,943 - ResourceLoader instantiated: org.apache.velocity.runtime.resource.loader.FileResourceLoader
2017-03-22 15:55:55,944 - Do unicode file recognition:  false
2017-03-22 15:55:55,944 - FileResourceLoader : adding path '.'
2017-03-22 15:55:55,954 - ResourceCache: initialized (class org.apache.velocity.runtime.resource.ResourceCacheImpl)
2017-03-22 15:55:55,955 - Loaded System Directive: org.apache.velocity.runtime.directive.Literal
2017-03-22 15:55:55,957 - Loaded System Directive: org.apache.velocity.runtime.directive.Macro
2017-03-22 15:55:55,958 - Loaded System Directive: org.apache.velocity.runtime.directive.Parse
2017-03-22 15:55:55,959 - Loaded System Directive: org.apache.velocity.runtime.directive.Include
2017-03-22 15:55:55,960 - Loaded System Directive: org.apache.velocity.runtime.directive.Foreach
2017-03-22 15:55:55,987 - Created '20' parsers.
2017-03-22 15:55:55,993 - Velocimacro : "velocimacro.library" is not set.  Trying default library: VM_global_library.vm
2017-03-22 15:55:55,994 - Velocimacro : Default library not found.
2017-03-22 15:55:55,994 - Velocimacro : allowInline = true : VMs can be defined inline in templates
2017-03-22 15:55:55,994 - Velocimacro : allowInlineToOverride = false : VMs defined inline may NOT replace previous VM definitions
2017-03-22 15:55:55,994 - Velocimacro : allowInlineLocal = false : VMs defined inline will be global in scope if allowed.
2017-03-22 15:55:55,994 - Velocimacro : autoload off : VM system will not automatically reload global library macros
